TN:
SF:C:\Users\Athinodoros\Desktop\CphBusiness\semesterProject\dbFacade\facade.js
FN:11,setDB
FN:18,insertOne
FN:19,(anonymous_3)
FN:20,(anonymous_4)
FN:29,findOne
FN:30,(anonymous_6)
FN:32,(anonymous_7)
FN:39,removeOne
FN:40,(anonymous_9)
FN:41,(anonymous_10)
FN:53,erase
FN:57,(anonymous_12)
FN:62,(anonymous_13)
FN:68,close
FNF:14
FNH:10
FNDA:1,setDB
FNDA:1,insertOne
FNDA:1,(anonymous_3)
FNDA:1,(anonymous_4)
FNDA:1,findOne
FNDA:1,(anonymous_6)
FNDA:1,(anonymous_7)
FNDA:1,removeOne
FNDA:1,(anonymous_9)
FNDA:0,(anonymous_10)
FNDA:0,erase
FNDA:0,(anonymous_12)
FNDA:0,(anonymous_13)
FNDA:1,close
DA:5,1
DA:6,1
DA:8,1
DA:11,1
DA:12,1
DA:13,1
DA:18,1
DA:19,1
DA:20,1
DA:21,1
DA:22,1
DA:29,1
DA:30,1
DA:31,1
DA:32,1
DA:33,1
DA:34,1
DA:39,1
DA:40,1
DA:41,1
DA:42,0
DA:43,0
DA:44,0
DA:48,0
DA:53,1
DA:54,0
DA:55,0
DA:56,0
DA:57,0
DA:58,0
DA:59,0
DA:60,0
DA:61,0
DA:63,0
DA:64,0
DA:68,1
DA:69,1
DA:71,1
LF:38
LH:24
BRDA:12,1,0,1
BRDA:12,1,1,0
BRDA:21,2,0,0
BRDA:21,2,1,1
BRDA:33,3,0,0
BRDA:33,3,1,1
BRDA:42,4,0,0
BRDA:42,4,1,0
BRDA:63,5,0,0
BRDA:63,5,1,0
BRF:10
BRH:3
end_of_record
TN:
SF:C:\Users\Athinodoros\Desktop\CphBusiness\semesterProject\connector\connector.js
FN:40,getdb
FN:41,(anonymous_2)
FN:44,(anonymous_3)
FN:53,getNewdb
FN:54,(anonymous_5)
FN:56,(anonymous_6)
FN:63,(anonymous_7)
FNF:7
FNH:7
FNDA:1,getdb
FNDA:1,(anonymous_2)
FNDA:1,(anonymous_3)
FNDA:1,getNewdb
FNDA:1,(anonymous_5)
FNDA:1,(anonymous_6)
FNDA:1,(anonymous_7)
DA:5,1
DA:6,1
DA:7,1
DA:8,1
DA:23,1
DA:34,1
DA:35,1
DA:36,1
DA:38,1
DA:40,1
DA:41,1
DA:43,1
DA:45,1
DA:47,1
DA:53,1
DA:54,1
DA:56,1
DA:58,1
DA:59,1
DA:61,1
DA:62,1
DA:63,1
DA:64,1
DA:66,0
DA:67,0
DA:68,0
DA:72,1
DA:74,1
DA:77,1
DA:79,1
DA:80,1
DA:100,1
LF:32
LH:29
BRDA:58,1,0,1
BRDA:58,1,1,0
BRDA:59,2,0,0
BRDA:59,2,1,1
BRDA:64,3,0,0
BRDA:64,3,1,1
BRF:6
BRH:3
end_of_record
